This is pdfTeX, Version 3.1415926-2.3-1.40.12 (MiKTeX 2.9) (preloaded format=pdflatex 2013.1.9)  12 JUN 2013 09:04
entering extended mode
**dkn_2012-12-23_Report-WP2-T2-1-1_23_jw.tex

(C:\Users\Welte\Documents\Projekte\openETCS\GitHub-Repository\requirements\D2.1
\dkn_2012-12-23_Report-WP2-T2-1-1_23_jw.tex
LaTeX2e <2011/06/27>
Babel <v3.8m> and hyphenation patterns for english, afrikaans, ancientgreek, ar
abic, armenian, assamese, basque, bengali, bokmal, bulgarian, catalan, coptic, 
croatian, czech, danish, dutch, esperanto, estonian, farsi, finnish, french, ga
lician, german, german-x-2009-06-19, greek, gujarati, hindi, hungarian, iceland
ic, indonesian, interlingua, irish, italian, kannada, kurmanji, lao, latin, lat
vian, lithuanian, malayalam, marathi, mongolian, mongolianlmc, monogreek, ngerm
an, ngerman-x-2009-06-19, nynorsk, oriya, panjabi, pinyin, polish, portuguese, 
romanian, russian, sanskrit, serbian, slovak, slovenian, spanish, swedish, swis
sgerman, tamil, telugu, turkish, turkmen, ukenglish, ukrainian, uppersorbian, u
senglishmax, welsh, loaded.

(C:\Users\Welte\Documents\Projekte\openETCS\GitHub-Repository\requirements\D2.1
\template\openetcs_report.cls

LaTeX Warning: You have requested document class `./template/openetcs_report',
               but the document class provides `template/openetcs_report'.

Document Class: template/openetcs_report 2012/08/03 v0.1 Typesetting Technical 
Information Reports of openETCS project based on ERDC class v1.1
("C:\Program Files (x86)\MiKTeX 2.9\tex\latex\base\report.cls"
Document Class: report 2007/10/19 v1.4h Standard LaTeX document class
("C:\Program Files (x86)\MiKTeX 2.9\tex\latex\base\size11.clo"
File: size11.clo 2007/10/19 v1.4h Standard LaTeX file (size option)
)
\c@part=\count79
\c@chapter=\count80
\c@section=\count81
\c@subsection=\count82
\c@subsubsection=\count83
\c@paragraph=\count84
\c@subparagraph=\count85
\c@figure=\count86
\c@table=\count87
\abovecaptionskip=\skip41
\belowcaptionskip=\skip42
\bibindent=\dimen102
)
("C:\Program Files (x86)\MiKTeX 2.9\tex\latex\graphics\graphicx.sty"
Package: graphicx 1999/02/16 v1.0f Enhanced LaTeX Graphics (DPC,SPQR)

("C:\Program Files (x86)\MiKTeX 2.9\tex\latex\graphics\keyval.sty"
Package: keyval 1999/03/16 v1.13 key=value parser (DPC)
\KV@toks@=\toks14
)
("C:\Program Files (x86)\MiKTeX 2.9\tex\latex\graphics\graphics.sty"
Package: graphics 2009/02/05 v1.0o Standard LaTeX Graphics (DPC,SPQR)

("C:\Program Files (x86)\MiKTeX 2.9\tex\latex\graphics\trig.sty"
Package: trig 1999/03/16 v1.09 sin cos tan (DPC)
)
("C:\Program Files (x86)\MiKTeX 2.9\tex\latex\00miktex\graphics.cfg"
File: graphics.cfg 2007/01/18 v1.5 graphics configuration of teTeX/TeXLive
)
Package graphics Info: Driver file: pdftex.def on input line 91.

("C:\Program Files (x86)\MiKTeX 2.9\tex\latex\pdftex-def\pdftex.def"
File: pdftex.def 2011/05/27 v0.06d Graphics/color for pdfTeX

("C:\Program Files (x86)\MiKTeX 2.9\tex\generic\oberdiek\infwarerr.sty"
Package: infwarerr 2010/04/08 v1.3 Providing info/warning/message (HO)
)
("C:\Program Files (x86)\MiKTeX 2.9\tex\generic\oberdiek\ltxcmds.sty"
Package: ltxcmds 2011/04/18 v1.20 LaTeX kernel commands for general use (HO)
)
\Gread@gobject=\count88
))
\Gin@req@height=\dimen103
\Gin@req@width=\dimen104
)
("C:\Program Files (x86)\MiKTeX 2.9\tex\latex\graphics\color.sty"
Package: color 2005/11/14 v1.0j Standard LaTeX Color (DPC)

("C:\Program Files (x86)\MiKTeX 2.9\tex\latex\00miktex\color.cfg"
File: color.cfg 2007/01/18 v1.5 color configuration of teTeX/TeXLive
)
Package color Info: Driver file: pdftex.def on input line 130.
)
(C:\Users\Welte\AppData\Roaming\MiKTeX\2.9\tex\latex\caption\caption.sty
Package: caption 2012/02/19 v3.2f Customizing captions (AR)

(C:\Users\Welte\AppData\Roaming\MiKTeX\2.9\tex\latex\caption\caption3.sty
Package: caption3 2012/01/12 v1.4b caption3 kernel (AR)
\captionmargin=\dimen105
\captionmargin@=\dimen106
\captionwidth=\dimen107
\caption@indent=\dimen108
\caption@parindent=\dimen109
\caption@hangindent=\dimen110
)
\c@ContinuedFloat=\count89
)
("C:\Program Files (x86)\MiKTeX 2.9\tex\latex\tools\longtable.sty"
Package: longtable 2004/02/01 v4.11 Multi-page Table package (DPC)
\LTleft=\skip43
\LTright=\skip44
\LTpre=\skip45
\LTpost=\skip46
\LTchunksize=\count90
\LTcapwidth=\dimen111
\LT@head=\box26
\LT@firsthead=\box27
\LT@foot=\box28
\LT@lastfoot=\box29
\LT@cols=\count91
\LT@rows=\count92
\c@LT@tables=\count93
\c@LT@chunks=\count94
\LT@p@ftn=\toks15
)
("C:\Program Files (x86)\MiKTeX 2.9\tex\latex\tools\dcolumn.sty"
Package: dcolumn 2001/05/28 v1.06 decimal alignment package (DPC)

("C:\Program Files (x86)\MiKTeX 2.9\tex\latex\tools\array.sty"
Package: array 2008/09/09 v2.4c Tabular extension package (FMi)
\col@sep=\dimen112
\extrarowheight=\dimen113
\NC@list=\toks16
\extratabsurround=\skip47
\backup@length=\skip48
))
(C:\Users\Welte\AppData\Roaming\MiKTeX\2.9\tex\latex\natbib\natbib.sty
Package: natbib 2010/09/13 8.31b (PWD, AO)
\bibhang=\skip49
\bibsep=\skip50
LaTeX Info: Redefining \cite on input line 694.
\c@NAT@ctr=\count95
)
("C:\Program Files (x86)\MiKTeX 2.9\tex\latex\amsmath\amsmath.sty"
Package: amsmath 2013/01/14 v2.14 AMS math features
\@mathmargin=\skip51

For additional information on amsmath, use the `?' option.
("C:\Program Files (x86)\MiKTeX 2.9\tex\latex\amsmath\amstext.sty"
Package: amstext 2000/06/29 v2.01

("C:\Program Files (x86)\MiKTeX 2.9\tex\latex\amsmath\amsgen.sty"
File: amsgen.sty 1999/11/30 v2.0
\@emptytoks=\toks17
\ex@=\dimen114
))
("C:\Program Files (x86)\MiKTeX 2.9\tex\latex\amsmath\amsbsy.sty"
Package: amsbsy 1999/11/29 v1.2d
\pmbraise@=\dimen115
)
("C:\Program Files (x86)\MiKTeX 2.9\tex\latex\amsmath\amsopn.sty"
Package: amsopn 1999/12/14 v2.01 operator names
)
\inf@bad=\count96
LaTeX Info: Redefining \frac on input line 210.
\uproot@=\count97
\leftroot@=\count98
LaTeX Info: Redefining \overline on input line 306.
\classnum@=\count99
\DOTSCASE@=\count100
LaTeX Info: Redefining \ldots on input line 378.
LaTeX Info: Redefining \dots on input line 381.
LaTeX Info: Redefining \cdots on input line 466.
\Mathstrutbox@=\box30
\strutbox@=\box31
\big@size=\dimen116
LaTeX Font Info:    Redeclaring font encoding OML on input line 566.
LaTeX Font Info:    Redeclaring font encoding OMS on input line 567.
\macc@depth=\count101
\c@MaxMatrixCols=\count102
\dotsspace@=\muskip10
\c@parentequation=\count103
\dspbrk@lvl=\count104
\tag@help=\toks18
\row@=\count105
\column@=\count106
\maxfields@=\count107
\andhelp@=\toks19
\eqnshift@=\dimen117
\alignsep@=\dimen118
\tagshift@=\dimen119
\tagwidth@=\dimen120
\totwidth@=\dimen121
\lineht@=\dimen122
\@envbody=\toks20
\multlinegap=\skip52
\multlinetaggap=\skip53
\mathdisplay@stack=\toks21
LaTeX Info: Redefining \[ on input line 2665.
LaTeX Info: Redefining \] on input line 2666.
)
(C:\Users\Welte\AppData\Roaming\MiKTeX\2.9\tex\latex\microtype\microtype.sty
Package: microtype 2010/01/10 v2.4 Micro-typography with pdfTeX (RS)
\MT@toks=\toks22
\MT@count=\count108
LaTeX Info: Redefining \lsstyle on input line 1597.
LaTeX Info: Redefining \lslig on input line 1597.
\MT@outer@space=\skip54
LaTeX Info: Redefining \textls on input line 1605.
\MT@outer@kern=\dimen123
LaTeX Info: Redefining \textmicrotypecontext on input line 2156.
Package microtype Info: Loading configuration file microtype.cfg.

(C:\Users\Welte\AppData\Roaming\MiKTeX\2.9\tex\latex\microtype\microtype.cfg
File: microtype.cfg 2010/01/10 v2.4 microtype main configuration file (RS)
))
("C:\Program Files (x86)\MiKTeX 2.9\tex\latex\base\inputenc.sty"
Package: inputenc 2008/03/30 v1.1d Input encoding file
\inpenc@prehook=\toks23
\inpenc@posthook=\toks24

("C:\Program Files (x86)\MiKTeX 2.9\tex\latex\ucs\utf8x.def"
File: utf8x.def 2004/10/17 UCS: Input encoding UTF-8
))
("C:\Program Files (x86)\MiKTeX 2.9\tex\latex\ucs\ucs.sty"
Package: ucs 2004/10/17 UCS: Unicode input support

("C:\Program Files (x86)\MiKTeX 2.9\tex\latex\ucs\uni-global.def"
File: uni-global.def 2012/08/28 UCS: Unicode global data
)
\uc@secondtry=\count109
\uc@combtoks=\toks25
\uc@combtoksb=\toks26
\uc@temptokena=\toks27
)
("C:\Program Files (x86)\MiKTeX 2.9\tex\latex\base\fontenc.sty"
Package: fontenc 2005/09/27 v1.99g Standard LaTeX package

("C:\Program Files (x86)\MiKTeX 2.9\tex\latex\base\t1enc.def"
File: t1enc.def 2005/09/27 v1.99g Standard LaTeX file
LaTeX Font Info:    Redeclaring font encoding T1 on input line 43.
))
(C:\Users\Welte\AppData\Roaming\MiKTeX\2.9\tex\latex\txfonts\txfonts.sty
Package: txfonts 2008/01/22 v3.2.1
LaTeX Font Info:    Redeclaring symbol font `operators' on input line 21.
LaTeX Font Info:    Overwriting symbol font `operators' in version `normal'
(Font)                  OT1/cmr/m/n --> OT1/txr/m/n on input line 21.
LaTeX Font Info:    Overwriting symbol font `operators' in version `bold'
(Font)                  OT1/cmr/bx/n --> OT1/txr/m/n on input line 21.
LaTeX Font Info:    Overwriting symbol font `operators' in version `bold'
(Font)                  OT1/txr/m/n --> OT1/txr/bx/n on input line 22.
\symitalic=\mathgroup4
LaTeX Font Info:    Overwriting symbol font `italic' in version `bold'
(Font)                  OT1/txr/m/it --> OT1/txr/bx/it on input line 26.
LaTeX Font Info:    Redeclaring math alphabet \mathbf on input line 29.
LaTeX Font Info:    Overwriting math alphabet `\mathbf' in version `normal'
(Font)                  OT1/cmr/bx/n --> OT1/txr/bx/n on input line 29.
LaTeX Font Info:    Overwriting math alphabet `\mathbf' in version `bold'
(Font)                  OT1/cmr/bx/n --> OT1/txr/bx/n on input line 29.
LaTeX Font Info:    Redeclaring math alphabet \mathit on input line 30.
LaTeX Font Info:    Overwriting math alphabet `\mathit' in version `normal'
(Font)                  OT1/cmr/m/it --> OT1/txr/m/it on input line 30.
LaTeX Font Info:    Overwriting math alphabet `\mathit' in version `bold'
(Font)                  OT1/cmr/bx/it --> OT1/txr/m/it on input line 30.
LaTeX Font Info:    Overwriting math alphabet `\mathit' in version `bold'
(Font)                  OT1/txr/m/it --> OT1/txr/bx/it on input line 31.
LaTeX Font Info:    Redeclaring math alphabet \mathsf on input line 40.
LaTeX Font Info:    Overwriting math alphabet `\mathsf' in version `normal'
(Font)                  OT1/cmss/m/n --> OT1/txss/m/n on input line 40.
LaTeX Font Info:    Overwriting math alphabet `\mathsf' in version `bold'
(Font)                  OT1/cmss/bx/n --> OT1/txss/m/n on input line 40.
LaTeX Font Info:    Overwriting math alphabet `\mathsf' in version `bold'
(Font)                  OT1/txss/m/n --> OT1/txss/b/n on input line 41.
LaTeX Font Info:    Redeclaring math alphabet \mathtt on input line 50.
LaTeX Font Info:    Overwriting math alphabet `\mathtt' in version `normal'
(Font)                  OT1/cmtt/m/n --> OT1/txtt/m/n on input line 50.
LaTeX Font Info:    Overwriting math alphabet `\mathtt' in version `bold'
(Font)                  OT1/cmtt/m/n --> OT1/txtt/m/n on input line 50.
LaTeX Font Info:    Overwriting math alphabet `\mathtt' in version `bold'
(Font)                  OT1/txtt/m/n --> OT1/txtt/b/n on input line 51.
LaTeX Font Info:    Redeclaring symbol font `letters' on input line 58.
LaTeX Font Info:    Overwriting symbol font `letters' in version `normal'
(Font)                  OML/cmm/m/it --> OML/txmi/m/it on input line 58.
LaTeX Font Info:    Overwriting symbol font `letters' in version `bold'
(Font)                  OML/cmm/b/it --> OML/txmi/m/it on input line 58.
LaTeX Font Info:    Overwriting symbol font `letters' in version `bold'
(Font)                  OML/txmi/m/it --> OML/txmi/bx/it on input line 59.
\symlettersA=\mathgroup5
LaTeX Font Info:    Overwriting symbol font `lettersA' in version `bold'
(Font)                  U/txmia/m/it --> U/txmia/bx/it on input line 67.
LaTeX Font Info:    Redeclaring symbol font `symbols' on input line 77.
LaTeX Font Info:    Overwriting symbol font `symbols' in version `normal'
(Font)                  OMS/cmsy/m/n --> OMS/txsy/m/n on input line 77.
LaTeX Font Info:    Overwriting symbol font `symbols' in version `bold'
(Font)                  OMS/cmsy/b/n --> OMS/txsy/m/n on input line 77.
LaTeX Font Info:    Overwriting symbol font `symbols' in version `bold'
(Font)                  OMS/txsy/m/n --> OMS/txsy/bx/n on input line 78.
\symAMSa=\mathgroup6
LaTeX Font Info:    Overwriting symbol font `AMSa' in version `bold'
(Font)                  U/txsya/m/n --> U/txsya/bx/n on input line 94.
\symAMSb=\mathgroup7
LaTeX Font Info:    Overwriting symbol font `AMSb' in version `bold'
(Font)                  U/txsyb/m/n --> U/txsyb/bx/n on input line 103.
\symsymbolsC=\mathgroup8
LaTeX Font Info:    Overwriting symbol font `symbolsC' in version `bold'
(Font)                  U/txsyc/m/n --> U/txsyc/bx/n on input line 113.
LaTeX Font Info:    Redeclaring symbol font `largesymbols' on input line 120.
LaTeX Font Info:    Overwriting symbol font `largesymbols' in version `normal'
(Font)                  OMX/cmex/m/n --> OMX/txex/m/n on input line 120.
LaTeX Font Info:    Overwriting symbol font `largesymbols' in version `bold'
(Font)                  OMX/cmex/m/n --> OMX/txex/m/n on input line 120.
LaTeX Font Info:    Overwriting symbol font `largesymbols' in version `bold'
(Font)                  OMX/txex/m/n --> OMX/txex/bx/n on input line 121.
\symlargesymbolsA=\mathgroup9
LaTeX Font Info:    Overwriting symbol font `largesymbolsA' in version `bold'
(Font)                  U/txexa/m/n --> U/txexa/bx/n on input line 129.
LaTeX Info: Redefining \not on input line 1043.
)
("C:\Program Files (x86)\MiKTeX 2.9\tex\latex\geometry\geometry.sty"
Package: geometry 2010/09/12 v5.6 Page Geometry

("C:\Program Files (x86)\MiKTeX 2.9\tex\generic\oberdiek\ifpdf.sty"
Package: ifpdf 2011/01/30 v2.3 Provides the ifpdf switch (HO)
Package ifpdf Info: pdfTeX in PDF mode is detected.
)
("C:\Program Files (x86)\MiKTeX 2.9\tex\generic\oberdiek\ifvtex.sty"
Package: ifvtex 2010/03/01 v1.5 Switches for detecting VTeX and its modes (HO)
Package ifvtex Info: VTeX not detected.
)
("C:\Program Files (x86)\MiKTeX 2.9\tex\generic\ifxetex\ifxetex.sty"
Package: ifxetex 2010/09/12 v0.6 Provides ifxetex conditional
)
\Gm@cnth=\count110
\Gm@cntv=\count111
\c@Gm@tempcnt=\count112
\Gm@bindingoffset=\dimen124
\Gm@wd@mp=\dimen125
\Gm@odd@mp=\dimen126
\Gm@even@mp=\dimen127
\Gm@layoutwidth=\dimen128
\Gm@layoutheight=\dimen129
\Gm@layouthoffset=\dimen130
\Gm@layoutvoffset=\dimen131
\Gm@dimlist=\toks28

("C:\Program Files (x86)\MiKTeX 2.9\tex\latex\geometry\geometry.cfg"))
(C:\Users\Welte\AppData\Roaming\MiKTeX\2.9\tex\latex\fancyhdr\fancyhdr.sty
\fancy@headwidth=\skip55
\f@ncyO@elh=\skip56
\f@ncyO@erh=\skip57
\f@ncyO@olh=\skip58
\f@ncyO@orh=\skip59
\f@ncyO@elf=\skip60
\f@ncyO@erf=\skip61
\f@ncyO@olf=\skip62
\f@ncyO@orf=\skip63
)
\@emptytoks=\toks29
\abstractbox=\box32
)
("C:\Program Files (x86)\MiKTeX 2.9\tex\latex\tools\verbatim.sty"
Package: verbatim 2003/08/22 v1.5q LaTeX2e package for verbatim enhancements
\every@verbatim=\toks30
\verbatim@line=\toks31
\verbatim@in@stream=\read1
)
("C:\Program Files (x86)\MiKTeX 2.9\tex\latex\ltxmisc\url.sty"
\Urlmuskip=\muskip11
Package: url 2006/04/12  ver 3.3  Verb mode for urls, etc.
)
(C:\Users\Welte\AppData\Roaming\MiKTeX\2.9\tex\latex\lipsum\lipsum.sty
Package: lipsum 2011/04/14 v1.2 150 paragraphs of Lorem Ipsum dummy text
\c@lips@count=\count113
)
(C:\Users\Welte\AppData\Roaming\MiKTeX\2.9\tex\latex\enumitem\enumitem.sty
Package: enumitem 2011/09/28 v3.5.2 Customized lists
\labelindent=\skip64
\enit@outerparindent=\dimen132
\enit@toks=\toks32
\enit@inbox=\box33
\enitdp@description=\count114
)
("C:\Program Files (x86)\MiKTeX 2.9\tex\latex\graphics\lscape.sty"
Package: lscape 2000/10/22 v3.01 Landscape Pages (DPC)
)
("C:\Program Files (x86)\MiKTeX 2.9\tex\latex\multirow\multirow.sty"
\bigstrutjot=\dimen133
)
(C:\Users\Welte\AppData\Roaming\MiKTeX\2.9\tex\latex\rotating\rotating.sty
Package: rotating 2009/03/28 v2.16a rotated objects in LaTeX

("C:\Program Files (x86)\MiKTeX 2.9\tex\latex\base\ifthen.sty"
Package: ifthen 2001/05/26 v1.1c Standard LaTeX ifthen package (DPC)
)
\c@r@tfl@t=\count115
\rotFPtop=\skip65
\rotFPbot=\skip66
\rot@float@box=\box34
\rot@mess@toks=\toks33
)
(C:\Users\Welte\AppData\Roaming\MiKTeX\2.9\tex\latex\rotfloat\rotfloat.sty
Package: rotfloat 2004/01/04 v1.2 Combining float+rotating package (AS)

("C:\Program Files (x86)\MiKTeX 2.9\tex\latex\float\float.sty"
Package: float 2001/11/08 v1.3d Float enhancements (AL)
\c@float@type=\count116
\float@exts=\toks34
\float@box=\box35
\@float@everytoks=\toks35
\@floatcapt=\box36
)
Package rotfloat Info: float package v1.3 detected on input line 74.
)
(C:\Users\Welte\Documents\Projekte\openETCS\GitHub-Repository\requirements\D2.1
\dkn_2012-12-23_Report-WP2-T2-1-1_23_jw.aux)
LaTeX Font Info:    Checking defaults for OML/txmi/m/it on input line 17.
LaTeX Font Info:    Try loading font information for OML+txmi on input line 17.


(C:\Users\Welte\AppData\Roaming\MiKTeX\2.9\tex\latex\txfonts\omltxmi.fd
File: omltxmi.fd 2000/12/15 v3.1
)
LaTeX Font Info:    ... okay on input line 17.
LaTeX Font Info:    Checking defaults for T1/cmr/m/n on input line 17.
LaTeX Font Info:    ... okay on input line 17.
LaTeX Font Info:    Checking defaults for OT1/cmr/m/n on input line 17.
LaTeX Font Info:    ... okay on input line 17.
LaTeX Font Info:    Checking defaults for OMS/txsy/m/n on input line 17.
LaTeX Font Info:    Try loading font information for OMS+txsy on input line 17.


(C:\Users\Welte\AppData\Roaming\MiKTeX\2.9\tex\latex\txfonts\omstxsy.fd
File: omstxsy.fd 2000/12/15 v3.1
)
LaTeX Font Info:    ... okay on input line 17.
LaTeX Font Info:    Checking defaults for OMX/txex/m/n on input line 17.
LaTeX Font Info:    Try loading font information for OMX+txex on input line 17.


(C:\Users\Welte\AppData\Roaming\MiKTeX\2.9\tex\latex\txfonts\omxtxex.fd
File: omxtxex.fd 2000/12/15 v3.1
)
LaTeX Font Info:    ... okay on input line 17.
LaTeX Font Info:    Checking defaults for U/txexa/m/n on input line 17.
LaTeX Font Info:    Try loading font information for U+txexa on input line 17.

(C:\Users\Welte\AppData\Roaming\MiKTeX\2.9\tex\latex\txfonts\utxexa.fd
File: utxexa.fd 2000/12/15 v3.1
)
LaTeX Font Info:    ... okay on input line 17.
LaTeX Font Info:    Try loading font information for T1+txr on input line 17.

(C:\Users\Welte\AppData\Roaming\MiKTeX\2.9\tex\latex\txfonts\t1txr.fd
File: t1txr.fd 2000/12/15 v3.1
)
(C:\Users\Welte\AppData\Roaming\MiKTeX\2.9\tex\context\base\supp-pdf.mkii
[Loading MPS to PDF converter (version 2006.09.02).]
\scratchcounter=\count117
\scratchdimen=\dimen134
\scratchbox=\box37
\nofMPsegments=\count118
\nofMParguments=\count119
\everyMPshowfont=\toks36
\MPscratchCnt=\count120
\MPscratchDim=\dimen135
\MPnumerator=\count121
\makeMPintoPDFobject=\count122
\everyMPtoPDFconversion=\toks37
)
Package caption Info: Begin \AtBeginDocument code.
Package caption Info: float package is loaded.
Package caption Info: longtable package is loaded.
 (C:\Users\Welte\AppData\Roaming\MiKTeX\2.9\tex\latex\caption\ltcaption.sty
Package: ltcaption 2011/09/12 v1.3 longtable captions (AR)
)
Package caption Info: rotating package is loaded.
Package caption Info: End \AtBeginDocument code.
LaTeX Info: Redefining \microtypecontext on input line 17.
Package microtype Info: Generating PDF output.
Package microtype Info: Character protrusion enabled (level 2).
Package microtype Info: Using default protrusion set `alltext'.
Package microtype Info: Automatic font expansion enabled (level 2),
(microtype)             stretch: 20, shrink: 20, step: 1, non-selected.
Package microtype Info: Using default expansion set `basictext'.
Package microtype Info: No tracking.
Package microtype Info: No adjustment of interword spacing.
Package microtype Info: No adjustment of character kerning.

(C:\Users\Welte\AppData\Roaming\MiKTeX\2.9\tex\latex\microtype\mt-ptm.cfg
File: mt-ptm.cfg 2006/04/20 v1.7 microtype config. file: Times (RS)
)
("C:\Program Files (x86)\MiKTeX 2.9\tex\latex\ucs\ucsencs.def"
File: ucsencs.def 2011/01/21 Fixes to fontencodings LGR, T3
)
*geometry* driver: auto-detecting
*geometry* detected driver: pdftex
*geometry* verbose mode - [ preamble ] result:
* driver: pdftex
* paper: a4paper
* layout: <same size as paper>
* layoutoffset:(h,v)=(0.0pt,0.0pt)
* modes: twoside 
* h-part:(L,W,R)=(90.3375pt, 416.83289pt, 90.3375pt)
* v-part:(T,H,B)=(72.26999pt, 700.50687pt, 72.26999pt)
* \paperwidth=597.50787pt
* \paperheight=845.04684pt
* \textwidth=416.83289pt
* \textheight=700.50687pt
* \oddsidemargin=18.0675pt
* \evensidemargin=18.0675pt
* \topmargin=-37.0pt
* \headheight=12.0pt
* \headsep=25.0pt
* \topskip=11.0pt
* \footskip=30.0pt
* \marginparwidth=113.0pt
* \marginparsep=10.0pt
* \columnsep=10.0pt
* \skip\footins=10.0pt plus 4.0pt minus 2.0pt
* \hoffset=0.0pt
* \voffset=0.0pt
* \mag=1000
* \@twocolumnfalse
* \@twosidetrue
* \@mparswitchtrue
* \@reversemarginfalse
* (1in=72.27pt=25.4mm, 1cm=28.453pt)

LaTeX Font Info:    Try loading font information for T1+txss on input line 65.
(C:\Users\Welte\AppData\Roaming\MiKTeX\2.9\tex\latex\txfonts\t1txss.fd
File: t1txss.fd 2000/12/15 v3.1
)
LaTeX Font Info:    Font shape `T1/txss/m/n' will be
(Font)              scaled to size 10.40245pt on input line 65.
LaTeX Font Info:    Font shape `T1/txss/m/it' in size <10.95> not available
(Font)              Font shape `T1/txss/m/sl' tried instead on input line 65.
LaTeX Font Info:    Font shape `T1/txss/m/sl' will be
(Font)              scaled to size 10.40245pt on input line 65.
LaTeX Font Info:    Font shape `T1/txss/bx/it' in size <10.95> not available
(Font)              Font shape `T1/txss/bx/sl' tried instead on input line 65.
LaTeX Font Info:    Font shape `T1/txss/bx/sl' will be
(Font)              scaled to size 10.40245pt on input line 65.
LaTeX Font Info:    Font shape `T1/txss/bx/it' in size <22> not available
(Font)              Font shape `T1/txss/bx/sl' tried instead on input line 65.
LaTeX Font Info:    Font shape `T1/txss/bx/sl' will be
(Font)              scaled to size 20.89993pt on input line 65.
LaTeX Font Info:    Try loading font information for OT1+txr on input line 65.

(C:\Users\Welte\AppData\Roaming\MiKTeX\2.9\tex\latex\txfonts\ot1txr.fd
File: ot1txr.fd 2000/12/15 v3.1
)
LaTeX Font Info:    Try loading font information for U+txmia on input line 65.

(C:\Users\Welte\AppData\Roaming\MiKTeX\2.9\tex\latex\txfonts\utxmia.fd
File: utxmia.fd 2000/12/15 v3.1
)
LaTeX Font Info:    Try loading font information for U+txsya on input line 65.

(C:\Users\Welte\AppData\Roaming\MiKTeX\2.9\tex\latex\txfonts\utxsya.fd
File: utxsya.fd 2000/12/15 v3.1
)
LaTeX Font Info:    Try loading font information for U+txsyb on input line 65.

(C:\Users\Welte\AppData\Roaming\MiKTeX\2.9\tex\latex\txfonts\utxsyb.fd
File: utxsyb.fd 2000/12/15 v3.1
)
LaTeX Font Info:    Try loading font information for U+txsyc on input line 65.

(C:\Users\Welte\AppData\Roaming\MiKTeX\2.9\tex\latex\txfonts\utxsyc.fd
File: utxsyc.fd 2000/12/15 v3.1
)
LaTeX Font Info:    Font shape `T1/txss/bx/n' will be
(Font)              scaled to size 10.40245pt on input line 65.
LaTeX Font Info:    Font shape `T1/txss/bx/n' will be
(Font)              scaled to size 17.09995pt on input line 65.


LaTeX Font Warning: Font shape `T1/txss/k/n' undefined
(Font)              using `T1/txss/m/n' instead on input line 65.

<./template/itea.jpg, id=1, 240.9pt x 67.452pt>
File: ./template/itea.jpg Graphic file (type jpg)
 <use ./template/itea.jpg>
Package pdftex.def Info: ./template/itea.jpg used on input line 65.
(pdftex.def)             Requested size: 145.0pt x 40.60118pt.

Underfull \hbox (badness 10000) in paragraph at lines 65--65

 []

LaTeX Font Info:    Font shape `T1/txss/k/n' will be
(Font)              scaled to size 10.40245pt on input line 65.

LaTeX Font Warning: Font shape `T1/txss/k/it' undefined
(Font)              using `T1/txss/k/n' instead on input line 65.

LaTeX Font Info:    Font shape `T1/txss/k/it' will be
(Font)              scaled to size 10.40245pt on input line 65.

LaTeX Font Warning: Font shape `T1/txss/h/n' undefined
(Font)              using `T1/txss/m/n' instead on input line 65.

LaTeX Font Info:    Font shape `T1/txss/m/n' will be
(Font)              scaled to size 18.99994pt on input line 65.
LaTeX Font Info:    Font shape `T1/txss/h/n' will be
(Font)              scaled to size 10.40245pt on input line 65.
<./template/openETCS_EUPL.png, id=2, 1228.59pt x 1129.21875pt>
File: ./template/openETCS_EUPL.png Graphic file (type png)

<use ./template/openETCS_EUPL.png>
Package pdftex.def Info: ./template/openETCS_EUPL.png used on input line 65.
(pdftex.def)             Requested size: 350.0pt x 321.69284pt.
LaTeX Font Info:    Font shape `T1/txss/k/n' will be
(Font)              scaled to size 8.54997pt on input line 65.

<./template/oOLT.png, id=4, 590.95781pt x 292.84406pt>
File: ./template/oOLT.png Graphic file (type png)

<use ./template/oOLT.png>
Package pdftex.def Info: ./template/oOLT.png used on input line 65.
(pdftex.def)             Requested size: 30.0pt x 14.862pt.
 [1

{C:/Users/Welte/AppData/Local/MiKTeX/2.9/pdftex/config/pdftex.map} <C:/Users/We
lte/Documents/Projekte/openETCS/GitHub-Repository/requirements/D2.1/template/it
ea.jpg> <C:/Users/Welte/Documents/Projekte/openETCS/GitHub-Repository/requireme
nts/D2.1/template/openETCS_EUPL.png> <C:/Users/Welte/Documents/Projekte/openETC
S/GitHub-Repository/requirements/D2.1/template/oOLT.png>] [2]
Overfull \hbox (113.16711pt too wide) in paragraph at lines 65--65
[][][][] 
 []

LaTeX Font Info:    Font shape `T1/txss/h/n' will be
(Font)              scaled to size 18.99994pt on input line 65.

Overfull \hbox (80.0pt too wide) in paragraph at lines 65--65
[]$[]$[] 
 []

LaTeX Font Info:    Font shape `T1/txss/k/it' will be
(Font)              scaled to size 8.54997pt on input line 65.

Overfull \hbox (80.0pt too wide) in paragraph at lines 65--65
[]$[]$[] 
 []


Overfull \hbox (80.0pt too wide) in paragraph at lines 65--65
[]$[]$ 
 []

LaTeX Font Info:    Font shape `T1/txss/k/n' will be
(Font)              scaled to size 9.49997pt on input line 65.
LaTeX Font Info:    Font shape `T1/txss/bx/n' will be
(Font)              scaled to size 8.54997pt on input line 65.

Package Fancyhdr Warning: \headheight is too small (12.0pt): 
 Make it at least 13.59999pt.
 We now make it that large for the rest of the document.
 This may cause the page layout to be inconsistent, however.

[1]
LaTeX Font Info:    Try loading font information for T1+txtt on input line 65.
 (C:\Users\Welte\AppData\Roaming\MiKTeX\2.9\tex\latex\txfonts\t1txtt.fd
File: t1txtt.fd 2000/12/15 v3.1
)
LaTeX Font Info:    Calculating math sizes for size <8.5> on input line 65.

[2

]
LaTeX Font Info:    Font shape `T1/txss/m/n' will be
(Font)              scaled to size 8.54997pt on input line 66.

(C:\Users\Welte\Documents\Projekte\openETCS\GitHub-Repository\requirements\D2.1
\dkn_2012-12-23_Report-WP2-T2-1-1_23_jw.toc [3


])
\tf@toc=\write3
 [4]
(C:\Users\Welte\Documents\Projekte\openETCS\GitHub-Repository\requirements\D2.1
\dkn_2012-12-23_Report-WP2-T2-1-1_23_jw.lof)
\tf@lof=\write4

(C:\Users\Welte\Documents\Projekte\openETCS\GitHub-Repository\requirements\D2.1
\dkn_2012-12-23_Report-WP2-T2-1-1_23_jw.lot)
\tf@lot=\write5
 [5

] [6

]
Chapter 1.
LaTeX Font Info:    Try loading font information for OMS+txr on input line 81.
(C:\Users\Welte\AppData\Roaming\MiKTeX\2.9\tex\latex\txfonts\omstxr.fd
File: omstxr.fd 2000/12/15 v3.1
)
LaTeX Font Info:    Font shape `OMS/txr/m/n' in size <10.95> not available
(Font)              Font shape `OMS/txsy/m/n' tried instead on input line 81.

<./images/Development-lifecycle-EN50128-own.png, id=42, 718.3638pt x 404.712pt>
File: ./images/Development-lifecycle-EN50128-own.png Graphic file (type png)
<use ./images/Development-lifecycle-EN50128-own.png>
Package pdftex.def Info: ./images/Development-lifecycle-EN50128-own.png used on
 input line 92.
(pdftex.def)             Requested size: 431.0216pt x 242.82907pt.

Overfull \hbox (14.18872pt too wide) in paragraph at lines 92--93
 [][] 
 []

[1

 <C:/Users/Welte/Documents/Projekte/openETCS/GitHub-Repository/requirements/D2.
1/images/Development-lifecycle-EN50128-own.png>]
Overfull \vbox (127.2315pt too high) detected at line 148
 []


Underfull \hbox (badness 10000) in paragraph at lines 148--148
[]|\T1/txr/m/n/10.95 (+20) Informal de-
 []


Underfull \hbox (badness 10000) in paragraph at lines 148--148
[]|\T1/txr/m/n/10.95 (+20) Informal de-
 []


Underfull \hbox (badness 1259) in paragraph at lines 149--149
[]|\T1/txr/m/n/10.95 (+20) Completely de-
 []


Underfull \hbox (badness 2197) in paragraph at lines 149--149
[]|\T1/txr/m/n/10.95 (+20) In some cases
 []


Underfull \hbox (badness 10000) in paragraph at lines 149--149
\T1/txr/m/n/10.95 (+20) math-e-mat-i-cally
 []


Underfull \hbox (badness 6995) in paragraph at lines 149--149
\T1/txr/m/n/10.95 (+20) de-fined to be
 []


Underfull \hbox (badness 10000) in paragraph at lines 149--149
\T1/txr/m/n/10.95 (+20) un-am-bigu-ous,
 []


Underfull \hbox (badness 10000) in paragraph at lines 149--149
\T1/txr/m/n/10.95 (+20) com-plete and
 []


Underfull \hbox (badness 2617) in paragraph at lines 149--149
\T1/txr/m/n/10.95 (+20) de-fined merely
 []


Underfull \hbox (badness 10000) in paragraph at lines 149--149
[]|\T1/txr/m/n/10.95 (+20) Informal de-
 []


Underfull \hbox (badness 4403) in paragraph at lines 149--149
\T1/txr/m/n/10.95 (+20) charts and Struc-
 []


Underfull \hbox (badness 1259) in paragraph at lines 150--150
[]|\T1/txr/m/n/10.95 (+20) Completely de-
 []


Underfull \hbox (badness 10000) in paragraph at lines 150--150
[]|\T1/txr/m/n/10.95 (+20) Mathematically
 []


Underfull \hbox (badness 6995) in paragraph at lines 150--150
\T1/txr/m/n/10.95 (+20) de-fined to be
 []


Underfull \hbox (badness 10000) in paragraph at lines 150--150
\T1/txr/m/n/10.95 (+20) un-am-bigu-ous,
 []


Underfull \hbox (badness 10000) in paragraph at lines 150--150
\T1/txr/m/n/10.95 (+20) com-plete and
 []


Underfull \hbox (badness 10000) in paragraph at lines 150--150
[]|\T1/txr/m/n/10.95 (+20) Mathematically
 []


Underfull \hbox (badness 6995) in paragraph at lines 150--150
\T1/txr/m/n/10.95 (+20) de-fined to be
 []


Underfull \hbox (badness 10000) in paragraph at lines 150--150
\T1/txr/m/n/10.95 (+20) un-am-bigu-ous,
 []


Underfull \hbox (badness 10000) in paragraph at lines 150--150
\T1/txr/m/n/10.95 (+20) com-plete and
 []


Underfull \hbox (badness 4048) in paragraph at lines 150--150
[]|\T1/txr/m/n/10.95 (+20) Programming lan-
 []


Underfull \hbox (badness 4441) in paragraph at lines 150--150
\T1/txr/m/n/10.95 (+20) guages and Petri
 []


Overfull \hbox (30.6983pt too wide) in paragraph at lines 140--154
[][] 
 []

[2] [3]
Chapter 2.
[4

]

LaTeX Warning: Reference `chap: requirements' on page 5 undefined on input line
 218.

[5]
Chapter 3.
[6

] [7]
Underfull \hbox (badness 10000) in paragraph at lines 276--276
[]\T1/txr/m/n/10.95 (+20) Description of
 []


Underfull \hbox (badness 2653) in paragraph at lines 279--279
[]\T1/txr/m/n/10.95 (+20) No ex-per-tise re-
 []


Overfull \hbox (0.59962pt too wide) in paragraph at lines 279--279
[]|[]| 
 []


Underfull \hbox (badness 10000) in paragraph at lines 282--282
[]\T1/txr/m/n/10.95 (+20) System de-vel-op-
 []


Underfull \hbox (badness 4316) in paragraph at lines 284--284
\T1/txr/m/n/10.95 (+20) ture and de-sign
 []


Underfull \hbox (badness 10000) in paragraph at lines 285--285
[]\T1/txr/m/n/10.95 (+20) Software source
 []


Underfull \hbox (badness 10000) in paragraph at lines 285--285
\T1/txr/m/n/10.95 (+20) code and the
 []


Underfull \hbox (badness 10000) in paragraph at lines 285--285
\T1/txr/m/n/10.95 (+20) com-piled ob-ject
 []


Underfull \hbox (badness 2035) in paragraph at lines 298--298
[]|\T1/txr/m/n/10.95 (+20) UML 2.0 (Uni-fied Mod-elling Lan-
 []


LaTeX Warning: Float too large for page by 64.3592pt on input line 306.

[8]
LaTeX Font Info:    Font shape `T1/txss/m/n' will be
(Font)              scaled to size 11.39996pt on input line 315.
LaTeX Font Info:    Font shape `T1/txss/bx/n' will be
(Font)              scaled to size 11.39996pt on input line 315.

Underfull \hbox (badness 10000) in paragraph at lines 335--338

 []


Underfull \hbox (badness 10000) in paragraph at lines 341--342

 []


Underfull \hbox (badness 10000) in paragraph at lines 342--343

 []

[9


]
Underfull \hbox (badness 10000) in paragraph at lines 369--372

 []

("C:\Program Files (x86)\MiKTeX 2.9\tex\latex\ucs\uni-0.def"
File: uni-0.def 2012/08/28 UCS: Unicode data U+0000..U+00FF
) [10]
("C:\Program Files (x86)\MiKTeX 2.9\tex\latex\ucs\uni-32.def"
File: uni-32.def 2012/08/28 UCS: Unicode data U+2000..U+20FF
)
Underfull \hbox (badness 10000) in paragraph at lines 407--409

 []

[11]
Overfull \hbox (77.40845pt too wide) in paragraph at lines 445--446
[]$\T1/txtt/m/n/10.95 http : / / www . mobility . siemens . com / mobility / gl
obal / en / interurban-[]mobility / rail-[]solutions /$
 []


Underfull \hbox (badness 10000) in paragraph at lines 445--446

 []


Underfull \hbox (badness 10000) in paragraph at lines 449--452

 []

[12]
Underfull \hbox (badness 10000) in paragraph at lines 477--478

 []

[13]
Underfull \hbox (badness 10000) in paragraph at lines 505--507

 []


Underfull \hbox (badness 10000) in paragraph at lines 534--536

 []

[14]
Underfull \hbox (badness 10000) in paragraph at lines 565--567

 []

[15]
Underfull \hbox (badness 10000) in paragraph at lines 597--599

 []


Underfull \hbox (badness 10000) in paragraph at lines 630--631

 []

[16]
Underfull \hbox (badness 10000) in paragraph at lines 655--657

 []

[17]
Underfull \hbox (badness 10000) in paragraph at lines 684--686

 []


Underfull \hbox (badness 10000) in paragraph at lines 714--717

 []

[18]
Underfull \hbox (badness 10000) in paragraph at lines 750--753

 []

[19]
Underfull \hbox (badness 10000) in paragraph at lines 781--782

 []

[20]
Chapter 4.
[21

]
Overfull \hbox (1.0152pt too wide) in paragraph at lines 837--850
[][] 
 []


LaTeX Warning: Reference `EN50128:2011' on page 22 undefined on input line 860.


[22] <./images/Model-based_Approach.png, id=116, 658.6206pt x 356.0502pt>
File: ./images/Model-based_Approach.png Graphic file (type png)

<use ./images/Model-based_Approach.png>
Package pdftex.def Info: ./images/Model-based_Approach.png used on input line 8
64.
(pdftex.def)             Requested size: 395.1754pt x 213.63176pt.
 [23 <C:/Users/Welte/Documents/Projekte/openETCS/GitHub-Repository/requirements
/D2.1/images/Model-based_Approach.png>]
[24]
<./images/Lifecycle-Model-based-Approach-Formal-Proof.png, id=125, 704.3916pt x
 396.5214pt>
File: ./images/Lifecycle-Model-based-Approach-Formal-Proof.png Graphic file (ty
pe png)
 <use ./images/Lifecycle-Model-based-Approach-Formal-Proof.png>
Package pdftex.def Info: ./images/Lifecycle-Model-based-Approach-Formal-Proof.p
ng used on input line 918.
(pdftex.def)             Requested size: 422.63823pt x 237.91466pt.

Overfull \hbox (5.80534pt too wide) in paragraph at lines 918--919
 [][] 
 []

[25 <C:/Users/Welte/Documents/Projekte/openETCS/GitHub-Repository/requirements/
D2.1/images/Lifecycle-Model-based-Approach-Formal-Proof.png>]
<./images/Lifecycle-Model-based-Approach-Testing.png, id=130, 704.3916pt x 396.
5214pt>
File: ./images/Lifecycle-Model-based-Approach-Testing.png Graphic file (type pn
g)
 <use ./images/Lifecycle-Model-based-Approach-Testing.png>
Package pdftex.def Info: ./images/Lifecycle-Model-based-Approach-Testing.png us
ed on input line 950.
(pdftex.def)             Requested size: 422.63823pt x 237.91466pt.

Overfull \hbox (5.80534pt too wide) in paragraph at lines 950--951
 [][] 
 []

[26 <C:/Users/Welte/Documents/Projekte/openETCS/GitHub-Repository/requirements/
D2.1/images/Lifecycle-Model-based-Approach-Testing.png>] [27]

LaTeX Warning: Reference `chap: Methodology' on page 28 undefined on input line
 991.

[28]
Chapter 5.
[29

] [30]
Underfull \hbox (badness 10000) in paragraph at lines 1051--1051
[]\T1/txr/m/n/10.95 (+20) Formalisation of
 []


Underfull \hbox (badness 10000) in paragraph at lines 1051--1051
\T1/txr/m/n/10.95 (+20) tex-tual re-quire-
 []


Overfull \hbox (0.57942pt too wide) in paragraph at lines 1051--1051
[]|[]| 
 []


Overfull \hbox (4.07144pt too wide) in paragraph at lines 1051--1051
[]|[]| 
 []


Overfull \hbox (1.83217pt too wide) in paragraph at lines 1051--1051
[]|[]| 
 []


Overfull \hbox (1.83217pt too wide) in paragraph at lines 1051--1051
[]|[]| 
 []


Underfull \hbox (badness 10000) in paragraph at lines 1051--1051
[]\T1/txr/m/n/10.95 (+20) Code gen-er-a-tion
 []


Overfull \hbox (3.44507pt too wide) in paragraph at lines 1051--1051
[]|[]| 
 []


Overfull \hbox (1.83217pt too wide) in paragraph at lines 1051--1051
[]|[]| 
 []


Overfull \hbox (1.2058pt too wide) in paragraph at lines 1051--1051
[]|[]| 
 []


Overfull \hbox (4.07144pt too wide) in paragraph at lines 1051--1051
[]|[]| 
 []


Overfull \hbox (6.29008pt too wide) in paragraph at lines 1051--1051
[]|[]| 
 []


Overfull \hbox (0.57942pt too wide) in paragraph at lines 1051--1051
[]|[]| 
 []


Overfull \hbox (4.07144pt too wide) in paragraph at lines 1051--1051
[]|[]| 
 []


Overfull \hbox (1.83217pt too wide) in paragraph at lines 1051--1051
[]|[]| 
 []


Underfull \hbox (badness 10000) in paragraph at lines 1054--1054
[]\T1/txr/m/n/10.95 (+20) Formalisation of
 []


Underfull \hbox (badness 10000) in paragraph at lines 1054--1054
\T1/txr/m/n/10.95 (+20) tex-tual re-quire-
 []


Overfull \hbox (0.57942pt too wide) in paragraph at lines 1054--1054
[]|[]| 
 []


Overfull \hbox (4.07144pt too wide) in paragraph at lines 1054--1054
[]|[]| 
 []


Overfull \hbox (1.83217pt too wide) in paragraph at lines 1054--1054
[]|[]| 
 []


Overfull \hbox (1.83217pt too wide) in paragraph at lines 1054--1054
[]|[]| 
 []


Underfull \hbox (badness 10000) in paragraph at lines 1054--1054
[]\T1/txr/m/n/10.95 (+20) Code gen-er-a-tion
 []


Overfull \hbox (3.44507pt too wide) in paragraph at lines 1054--1054
[]|[]| 
 []


Overfull \hbox (1.83217pt too wide) in paragraph at lines 1054--1054
[]|[]| 
 []


Overfull \hbox (1.2058pt too wide) in paragraph at lines 1054--1054
[]|[]| 
 []


Overfull \hbox (4.07144pt too wide) in paragraph at lines 1054--1054
[]|[]| 
 []


Overfull \hbox (6.29008pt too wide) in paragraph at lines 1054--1054
[]|[]| 
 []


Overfull \hbox (0.57942pt too wide) in paragraph at lines 1054--1054
[]|[]| 
 []


Overfull \hbox (4.07144pt too wide) in paragraph at lines 1054--1054
[]|[]| 
 []


Overfull \hbox (1.83217pt too wide) in paragraph at lines 1054--1054
[]|[]| 
 []


Underfull \hbox (badness 10000) in paragraph at lines 1065--1065
[]|\T1/txr/m/n/10.95 (+20) Software De-sign
 []


Overfull \hbox (1.13445pt too wide) in paragraph at lines 1065--1065
[]|\T1/txr/m/n/10.95 (-20) +| 
 []


Overfull \hbox (1.13445pt too wide) in paragraph at lines 1065--1065
[]|\T1/txr/m/n/10.95 (-20) +| 
 []


Overfull \hbox (1.13445pt too wide) in paragraph at lines 1065--1065
[]|\T1/txr/m/n/10.95 (-20) +| 
 []


Overfull \hbox (1.13445pt too wide) in paragraph at lines 1066--1066
[]|\T1/txr/m/n/10.95 (-20) +| 
 []


Overfull \hbox (1.13445pt too wide) in paragraph at lines 1066--1066
[]|\T1/txr/m/n/10.95 (-20) +| 
 []


Overfull \hbox (1.13445pt too wide) in paragraph at lines 1066--1066
[]|\T1/txr/m/n/10.95 (-20) +| 
 []


Overfull \hbox (1.13445pt too wide) in paragraph at lines 1067--1067
[]|\T1/txr/m/n/10.95 (-20) +| 
 []


Overfull \hbox (1.13445pt too wide) in paragraph at lines 1067--1067
[]|\T1/txr/m/n/10.95 (-20) +| 
 []


Overfull \hbox (1.13445pt too wide) in paragraph at lines 1067--1067
[]|\T1/txr/m/n/10.95 (-20) +| 
 []


Overfull \hbox (1.13445pt too wide) in paragraph at lines 1067--1067
[]|\T1/txr/m/n/10.95 (-20) +| 
 []


Overfull \hbox (1.13445pt too wide) in paragraph at lines 1068--1068
[]|\T1/txr/m/n/10.95 (-20) +| 
 []


Overfull \hbox (1.13445pt too wide) in paragraph at lines 1068--1068
[]|\T1/txr/m/n/10.95 (-20) +| 
 []


Overfull \hbox (1.13445pt too wide) in paragraph at lines 1068--1068
[]|\T1/txr/m/n/10.95 (-20) +| 
 []


Overfull \hbox (1.13445pt too wide) in paragraph at lines 1068--1068
[]|\T1/txr/m/n/10.95 (-20) +| 
 []


Overfull \hbox (1.13445pt too wide) in paragraph at lines 1069--1069
[]|\T1/txr/m/n/10.95 (-20) +| 
 []


Overfull \hbox (1.13445pt too wide) in paragraph at lines 1069--1069
[]|\T1/txr/m/n/10.95 (-20) +| 
 []


Overfull \hbox (1.13445pt too wide) in paragraph at lines 1070--1070
[]|\T1/txr/m/n/10.95 (-20) +| 
 []


Overfull \hbox (1.13445pt too wide) in paragraph at lines 1070--1070
[]|\T1/txr/m/n/10.95 (-20) +| 
 []


Overfull \hbox (1.13445pt too wide) in paragraph at lines 1070--1070
[]|\T1/txr/m/n/10.95 (-20) +| 
 []


Underfull \hbox (badness 10000) in paragraph at lines 1071--1071
[]|\T1/txr/m/n/10.95 (+20) Enterprise
 []


Overfull \hbox (1.13445pt too wide) in paragraph at lines 1071--1071
[]|\T1/txr/m/n/10.95 (-20) +| 
 []


Overfull \hbox (1.13445pt too wide) in paragraph at lines 1071--1071
[]|\T1/txr/m/n/10.95 (-20) +| 
 []


Overfull \hbox (1.13445pt too wide) in paragraph at lines 1071--1071
[]|\T1/txr/m/n/10.95 (-20) +| 
 []


Overfull \hbox (1.13445pt too wide) in paragraph at lines 1072--1072
[]|\T1/txr/m/n/10.95 (-20) +| 
 []


Overfull \hbox (1.13445pt too wide) in paragraph at lines 1072--1072
[]|\T1/txr/m/n/10.95 (-20) +| 
 []


Overfull \hbox (1.13445pt too wide) in paragraph at lines 1072--1072
[]|\T1/txr/m/n/10.95 (-20) +| 
 []


Underfull \hbox (badness 10000) in paragraph at lines 1073--1073
[]|\T1/txr/m/n/10.95 (+20) CEA-LIST and
 []


Overfull \hbox (1.13445pt too wide) in paragraph at lines 1073--1073
[]|\T1/txr/m/n/10.95 (-20) +| 
 []


Underfull \hbox (badness 7522) in paragraph at lines 1074--1074
[]|\T1/txr/m/n/10.95 (+20) free/ com-
 []


Overfull \hbox (1.13445pt too wide) in paragraph at lines 1074--1074
[]|\T1/txr/m/n/10.95 (-20) +| 
 []


Overfull \hbox (1.13445pt too wide) in paragraph at lines 1074--1074
[]|\T1/txr/m/n/10.95 (-20) +| 
 []


Overfull \hbox (1.13445pt too wide) in paragraph at lines 1075--1075
[]|\T1/txr/m/n/10.95 (-20) +| 
 []


Overfull \hbox (1.13445pt too wide) in paragraph at lines 1075--1075
[]|\T1/txr/m/n/10.95 (-20) +| 
 []


Overfull \hbox (1.13445pt too wide) in paragraph at lines 1075--1075
[]|\T1/txr/m/n/10.95 (-20) +| 
 []


Overfull \hbox (1.13445pt too wide) in paragraph at lines 1075--1075
[]|\T1/txr/m/n/10.95 (-20) +| 
 []


Overfull \hbox (1.13445pt too wide) in paragraph at lines 1075--1075
[]|\T1/txr/m/n/10.95 (-20) +| 
 []


Underfull \hbox (badness 10000) in paragraph at lines 1076--1076
[]|\T1/txr/m/n/10.95 (+20) KNOW En-ter-
 []


Overfull \hbox (1.13445pt too wide) in paragraph at lines 1076--1076
[]|\T1/txr/m/n/10.95 (-20) +| 
 []


Overfull \hbox (1.13445pt too wide) in paragraph at lines 1076--1076
[]|\T1/txr/m/n/10.95 (-20) +| 
 []


Overfull \hbox (1.13445pt too wide) in paragraph at lines 1076--1076
[]|\T1/txr/m/n/10.95 (-20) +| 
 []


Overfull \hbox (1.13445pt too wide) in paragraph at lines 1076--1076
[]|\T1/txr/m/n/10.95 (-20) +| 
 []


Overfull \hbox (1.13445pt too wide) in paragraph at lines 1077--1077
[]|\T1/txr/m/n/10.95 (-20) +| 
 []


Overfull \hbox (1.13445pt too wide) in paragraph at lines 1077--1077
[]|\T1/txr/m/n/10.95 (-20) +| 
 []


Overfull \hbox (1.13445pt too wide) in paragraph at lines 1078--1078
[]|\T1/txr/m/n/10.95 (-20) +| 
 []


Overfull \hbox (1.13445pt too wide) in paragraph at lines 1078--1078
[]|\T1/txr/m/n/10.95 (-20) +| 
 []


Overfull \hbox (1.13445pt too wide) in paragraph at lines 1078--1078
[]|\T1/txr/m/n/10.95 (-20) +| 
 []


Overfull \hbox (1.13445pt too wide) in paragraph at lines 1079--1079
[]|\T1/txr/m/n/10.95 (-20) +| 
 []


Overfull \hbox (1.13445pt too wide) in paragraph at lines 1080--1080
[]|\T1/txr/m/n/10.95 (-20) +| 
 []


Overfull \hbox (1.13445pt too wide) in paragraph at lines 1081--1081
[]|\T1/txr/m/n/10.95 (-20) +| 
 []


Overfull \hbox (1.13445pt too wide) in paragraph at lines 1081--1081
[]|\T1/txr/m/n/10.95 (-20) +| 
 []


Underfull \hbox (badness 10000) in paragraph at lines 1082--1082
[]|\T1/txr/m/n/10.95 (+20) Perfect De-vel-
 []


Underfull \hbox (badness 10000) in paragraph at lines 1082--1082
[]|\T1/txr/m/n/10.95 (+20) Escher Tech-nolo-
 []


Overfull \hbox (1.13445pt too wide) in paragraph at lines 1082--1082
[]|\T1/txr/m/n/10.95 (-20) +| 
 []


Overfull \hbox (1.13445pt too wide) in paragraph at lines 1082--1082
[]|\T1/txr/m/n/10.95 (-20) +| 
 []


Overfull \hbox (1.13445pt too wide) in paragraph at lines 1082--1082
[]|\T1/txr/m/n/10.95 (-20) +| 
 []


Underfull \hbox (badness 1616) in paragraph at lines 1083--1083
[]|\T1/txr/m/n/10.95 (+20) University of Ox-
 []


Overfull \hbox (1.13445pt too wide) in paragraph at lines 1083--1083
[]|\T1/txr/m/n/10.95 (-20) +| 
 []


Underfull \hbox (badness 10000) in paragraph at lines 1084--1084
[]|\T1/txr/m/n/10.95 (+20) Formal Mind
 []


Overfull \hbox (1.13445pt too wide) in paragraph at lines 1084--1084
[]|\T1/txr/m/n/10.95 (-20) +| 
 []


Overfull \hbox (1.13445pt too wide) in paragraph at lines 1084--1084
[]|\T1/txr/m/n/10.95 (-20) +| 
 []


Underfull \hbox (badness 10000) in paragraph at lines 1085--1085
[]|\T1/txr/m/n/10.95 (+20) Formal Mind
 []


Overfull \hbox (1.13445pt too wide) in paragraph at lines 1085--1085
[]|\T1/txr/m/n/10.95 (-20) +| 
 []


Overfull \hbox (1.13445pt too wide) in paragraph at lines 1086--1086
[]|\T1/txr/m/n/10.95 (-20) +| 
 []


Overfull \hbox (1.13445pt too wide) in paragraph at lines 1086--1086
[]|\T1/txr/m/n/10.95 (-20) +| 
 []


Overfull \hbox (1.13445pt too wide) in paragraph at lines 1086--1086
[]|\T1/txr/m/n/10.95 (-20) +| 
 []


Overfull \hbox (1.13445pt too wide) in paragraph at lines 1086--1086
[]|\T1/txr/m/n/10.95 (-20) +| 
 []


Underfull \hbox (badness 10000) in paragraph at lines 1087--1087
[]|\T1/txr/m/n/10.95 (+20) Esterel Tech-nolo-
 []


Underfull \hbox (badness 3679) in paragraph at lines 1087--1087
[]|\T1/txr/m/n/10.95 (+20) Lustre / Data Flow
 []


Underfull \hbox (badness 1939) in paragraph at lines 1087--1087
\T1/txr/m/n/10.95 (+20) (Logic) + State ma-
 []


Overfull \hbox (1.13445pt too wide) in paragraph at lines 1087--1087
[]|\T1/txr/m/n/10.95 (-20) +| 
 []


Overfull \hbox (1.13445pt too wide) in paragraph at lines 1087--1087
[]|\T1/txr/m/n/10.95 (-20) +| 
 []


Overfull \hbox (1.13445pt too wide) in paragraph at lines 1087--1087
[]|\T1/txr/m/n/10.95 (-20) +| 
 []


Overfull \hbox (1.13445pt too wide) in paragraph at lines 1087--1087
[]|\T1/txr/m/n/10.95 (-20) +| 
 []


Overfull \hbox (1.13445pt too wide) in paragraph at lines 1087--1087
[]|\T1/txr/m/n/10.95 (-20) +| 
 []


Overfull \hbox (1.13445pt too wide) in paragraph at lines 1087--1087
[]|\T1/txr/m/n/10.95 (-20) +| 
 []


Underfull \hbox (badness 10000) in paragraph at lines 1088--1088
[]|\T1/txr/m/n/10.95 (+20) Simulink/
 []


Overfull \hbox (1.13445pt too wide) in paragraph at lines 1088--1088
[]|\T1/txr/m/n/10.95 (-20) +| 
 []


Overfull \hbox (1.13445pt too wide) in paragraph at lines 1088--1088
[]|\T1/txr/m/n/10.95 (-20) +| 
 []


Overfull \hbox (1.13445pt too wide) in paragraph at lines 1088--1088
[]|\T1/txr/m/n/10.95 (-20) +| 
 []


Overfull \hbox (1.13445pt too wide) in paragraph at lines 1088--1088
[]|\T1/txr/m/n/10.95 (-20) +| 
 []


Underfull \hbox (badness 10000) in paragraph at lines 1089--1089
[]|\T1/txr/m/n/10.95 (+20) SPARK GPL/
 []


Overfull \hbox (1.13445pt too wide) in paragraph at lines 1089--1089
[]|\T1/txr/m/n/10.95 (-20) +| 
 []


Overfull \hbox (1.13445pt too wide) in paragraph at lines 1089--1089
[]|\T1/txr/m/n/10.95 (-20) +| 
 []


Overfull \hbox (1.13445pt too wide) in paragraph at lines 1089--1089
[]|\T1/txr/m/n/10.95 (-20) +| 
 []


Overfull \hbox (1.13445pt too wide) in paragraph at lines 1090--1090
[]|\T1/txr/m/n/10.95 (-20) +| 
 []


Overfull \hbox (1.13445pt too wide) in paragraph at lines 1090--1090
[]|\T1/txr/m/n/10.95 (-20) +| 
 []


Overfull \hbox (1.13445pt too wide) in paragraph at lines 1091--1091
[]|\T1/txr/m/n/10.95 (-20) +| 
 []


Overfull \hbox (1.13445pt too wide) in paragraph at lines 1091--1091
[]|\T1/txr/m/n/10.95 (-20) +| 
 []


Overfull \hbox (1.13445pt too wide) in paragraph at lines 1091--1091
[]|\T1/txr/m/n/10.95 (-20) +| 
 []


Overfull \hbox (1.13445pt too wide) in paragraph at lines 1091--1091
[]|\T1/txr/m/n/10.95 (-20) +| 
 []


Overfull \hbox (1.13445pt too wide) in paragraph at lines 1091--1091
[]|\T1/txr/m/n/10.95 (-20) +| 
 []

[31

] [32] [33] [34]

LaTeX Warning: Reference `List tools' on page 35 undefined on input line 1106.

[35

] [36]
Chapter 6.

LaTeX Warning: Reference `chapter: MoD' on page 37 undefined on input line 1121
.

[37

] [38]
Appendix A.
[39


] [40] [41]
Appendix B.
[42

]
Overfull \hbox (27.38654pt too wide) in paragraph at lines 1249--1249
[]|\T1/txr/m/n/10.95 (-20) Representation| 
 []


Underfull \hbox (badness 10000) in paragraph at lines 1249--1249
[]|\T1/txr/m/n/10.95 (+2) Description
 []


Underfull \hbox (badness 7649) in paragraph at lines 1249--1249
[]|\T1/txr/m/n/10.95 (+20) Description of
 []


Underfull \hbox (badness 10000) in paragraph at lines 1253--1253
[]\T1/txr/m/n/10.95 (+20) Mathematical-
 []


Overfull \hbox (3.44507pt too wide) in paragraph at lines 1253--1253
[]|[]| 
 []


Overfull \hbox (1.226pt too wide) in paragraph at lines 1254--1254
[]|[]| 
 []


Underfull \hbox (badness 10000) in paragraph at lines 1256--1256
[]\T1/txr/m/n/10.95 (+20) Composition/
 []


Overfull \hbox (3.44507pt too wide) in paragraph at lines 1256--1256
[]|[]| 
 []


Overfull \hbox (1.226pt too wide) in paragraph at lines 1257--1257
[]|[]| 
 []


Overfull \hbox (1.226pt too wide) in paragraph at lines 1261--1261
[]|[]| 
 []


Overfull \hbox (1.2058pt too wide) in paragraph at lines 1262--1262
[]|[]| 
 []


Underfull \hbox (badness 10000) in paragraph at lines 1263--1263
[]\T1/txr/m/n/10.95 (+20) No ex-per-tise
 []


Overfull \hbox (3.44507pt too wide) in paragraph at lines 1263--1263
[]|[]| 
 []


Overfull \hbox (1.2058pt too wide) in paragraph at lines 1264--1264
[]|[]| 
 []


Overfull \hbox (1.226pt too wide) in paragraph at lines 1265--1265
[]|[]| 
 []


Overfull \hbox (27.38654pt too wide) in paragraph at lines 1270--1270
[]|\T1/txr/m/n/10.95 (-20) Representation| 
 []


Underfull \hbox (badness 10000) in paragraph at lines 1270--1270
[]|\T1/txr/m/n/10.95 (+2) Description
 []


Underfull \hbox (badness 7649) in paragraph at lines 1270--1270
[]|\T1/txr/m/n/10.95 (+20) Description of
 []


Underfull \hbox (badness 10000) in paragraph at lines 1274--1274
[]\T1/txr/m/n/10.95 (+20) Mathematical-
 []


Overfull \hbox (3.44507pt too wide) in paragraph at lines 1274--1274
[]|[]| 
 []


Overfull \hbox (1.226pt too wide) in paragraph at lines 1275--1275
[]|[]| 
 []


Underfull \hbox (badness 10000) in paragraph at lines 1277--1277
[]\T1/txr/m/n/10.95 (+20) Composition/
 []


Overfull \hbox (3.44507pt too wide) in paragraph at lines 1277--1277
[]|[]| 
 []


Overfull \hbox (1.226pt too wide) in paragraph at lines 1278--1278
[]|[]| 
 []


Overfull \hbox (1.226pt too wide) in paragraph at lines 1282--1282
[]|[]| 
 []


Overfull \hbox (1.2058pt too wide) in paragraph at lines 1283--1283
[]|[]| 
 []


Underfull \hbox (badness 10000) in paragraph at lines 1284--1284
[]\T1/txr/m/n/10.95 (+20) No ex-per-tise
 []


Overfull \hbox (3.44507pt too wide) in paragraph at lines 1284--1284
[]|[]| 
 []


Overfull \hbox (1.2058pt too wide) in paragraph at lines 1285--1285
[]|[]| 
 []


Overfull \hbox (1.226pt too wide) in paragraph at lines 1286--1286
[]|[]| 
 []


Underfull \hbox (badness 2035) in paragraph at lines 1310--1310
[]|\T1/txr/m/n/10.95 (+20) UML 2.0 (Uni-fied Mod-elling Lan-
 []

[43

] [44] [45

]
Appendix C.

Overfull \hbox (6.23534pt too wide) in paragraph at lines 1341--1342
[]|[]| 
 []


Overfull \hbox (6.23534pt too wide) in paragraph at lines 1342--1343
[]|[]| 
 []


Overfull \hbox (1.17125pt too wide) in paragraph at lines 1343--1344
[]|[]| 
 []


Underfull \hbox (badness 7256) in paragraph at lines 1344--1344
[]\T1/txr/bx/n/10.95 Verification of mod-els and
 []


Overfull \hbox (4.14389pt too wide) in paragraph at lines 1344--1345
[]|[]| 
 []


Overfull \hbox (6.23534pt too wide) in paragraph at lines 1347--1348
[]|[]| 
 []


Overfull \hbox (2.45772pt too wide) in alignment at lines 1335--1349
 [] [] [] [] [] [] [] [] [] 
 []


Overfull \hbox (6.23534pt too wide) in paragraph at lines 1353--1354
[]|[]| 
 []


Overfull \hbox (6.23534pt too wide) in paragraph at lines 1354--1355
[]|[]| 
 []


Overfull \hbox (1.17125pt too wide) in paragraph at lines 1355--1356
[]|[]| 
 []


Underfull \hbox (badness 7256) in paragraph at lines 1356--1356
[]\T1/txr/bx/n/10.95 Verification of mod-els and
 []


Overfull \hbox (4.14389pt too wide) in paragraph at lines 1356--1357
[]|[]| 
 []


Overfull \hbox (6.23534pt too wide) in paragraph at lines 1359--1360
[]|[]| 
 []


Overfull \hbox (2.45772pt too wide) in alignment at lines 1349--1361
 [] [] [] [] [] [] [] [] [] 
 []


Overfull \hbox (2.45772pt too wide) in alignment at lines 1361--1365
 [] [] [] [] [] [] [] [] [] 
 []


Overfull \hbox (2.45772pt too wide) in alignment at lines 1365--1369
 [] [] [] [] [] [] [] [] [] 
 []


Underfull \hbox (badness 10000) in paragraph at lines 1376--1376
[]|\T1/txr/m/n/10.95 (+20) Configuration Man-age-
 []


Underfull \hbox (badness 10000) in paragraph at lines 1385--1385
[]|\T1/txr/m/n/10.95 (+20) Prototyping/ An-i-ma-
 []


Overfull \hbox (2.45772pt too wide) in alignment at lines 1369--1390
 [] [] [] [] [] [] [] [] [] 
 []


Underfull \hbox (badness 3735) in paragraph at lines 1393--1393
[]|\T1/txr/m/n/10.95 (+20) Error De-tect-ing and
 []


Underfull \hbox (badness 10000) in paragraph at lines 1400--1400
[]|\T1/txr/m/n/10.95 (+20) Design Con-straint
 []


Overfull \hbox (2.45772pt too wide) in alignment at lines 1390--1407
 [] [] [] [] [] [] [] [] [] 
 []

[46

] [47]
Appendix D.

(C:\Users\Welte\Documents\Projekte\openETCS\GitHub-Repository\requirements\D2.1
\dkn_2012-12-23_Report-WP2-T2-1-1_23_jw.bbl [48

]) [49

]
(C:\Users\Welte\Documents\Projekte\openETCS\GitHub-Repository\requirements\D2.1
\dkn_2012-12-23_Report-WP2-T2-1-1_23_jw.aux)

LaTeX Font Warning: Some font shapes were not available, defaults substituted.


LaTeX Warning: There were undefined references.

 )
(\end occurred inside a group at level 1)

### simple group (level 1) entered at line 1153 ({)
### bottom level 
Here is how much of TeX's memory you used:
 8861 strings out of 494045
 130053 string characters out of 3145970
 389654 words of memory out of 3000000
 11599 multiletter control sequences out of 15000+200000
 127511 words of font info for 409 fonts, out of 3000000 for 9000
 715 hyphenation exceptions out of 8191
 43i,15n,59p,1311b,583s stack positions out of 5000i,500n,10000p,200000b,50000s
{C:/Program Files (x86)/MiKTeX 2.9/fonts/enc/dvips/fontname/8r.
enc}<C:/Users/Welte/AppData/Roaming/MiKTeX/2.9/fonts/type1/public/txfonts/rtxb.
pfb><C:/Users/Welte/AppData/Roaming/MiKTeX/2.9/fonts/type1/public/txfonts/rtxi.
pfb><C:/Users/Welte/AppData/Roaming/MiKTeX/2.9/fonts/type1/public/txfonts/rtxmi
.pfb><C:/Users/Welte/AppData/Roaming/MiKTeX/2.9/fonts/type1/public/txfonts/rtxr
.pfb><C:/Users/Welte/AppData/Roaming/MiKTeX/2.9/fonts/type1/public/txfonts/t1xt
t.pfb><C:/Users/Welte/AppData/Roaming/MiKTeX/2.9/fonts/type1/public/txfonts/txs
y.pfb><C:/Program Files (x86)/MiKTeX 2.9/fonts/type1/urw/helvetic/uhvb8a.pfb><C
:/Program Files (x86)/MiKTeX 2.9/fonts/type1/urw/helvetic/uhvb8a.pfb><C:/Progra
m Files (x86)/MiKTeX 2.9/fonts/type1/urw/helvetic/uhvr8a.pfb><C:/Program Files 
(x86)/MiKTeX 2.9/fonts/type1/urw/helvetic/uhvr8a.pfb><C:/Program Files (x86)/Mi
KTeX 2.9/fonts/type1/urw/times/utmb8a.pfb><C:/Program Files (x86)/MiKTeX 2.9/fo
nts/type1/urw/times/utmr8a.pfb><C:/Program Files (x86)/MiKTeX 2.9/fonts/type1/u
rw/times/utmri8a.pfb>
Output written on dkn_2012-12-23_Report-WP2-T2-1-1_23_jw.pdf (57 pages, 1078594
 bytes).
PDF statistics:
 253 PDF objects out of 1000 (max. 8388607)
 0 named destinations out of 1000 (max. 500000)
 78884 words of extra memory for PDF output out of 89155 (max. 10000000)

